<?xml version="1.0" encoding="UTF-8"?>
<!-- Generated by org.testng.reporters.JUnitReportReporter -->
<testsuite hostname="Yeteendra" failures="0" tests="10" name="TestNgTestCases.testNGThree$testNg" time="73.511" errors="0" timestamp="2023-01-21T19:44:28 IST" skipped="0">
  <testcase classname="TestNgTestCases.testNGThree$testNg" name="MFUniverseTabTest" time="10.642"/>
  <system-out/>
  <testcase classname="TestNgTestCases.testNGThree$testNg" name="LiquidfundCheckBoxUnderMFUniverseTabTest" time="3.596"/>
  <system-out/>
  <testcase classname="TestNgTestCases.testNGThree$testNg" name="FundTrackingNiftyCheckBoxUnderMFUniverseTabTest" time="6.540"/>
  <system-out/>
  <testcase classname="TestNgTestCases.testNGThree$testNg" name="categoryMFUniverseTabTest" time="7.497"/>
  <system-out/>
  <testcase classname="TestNgTestCases.testNGThree$testNg" name="planMFUniverseTabTest" time="6.703"/>
  <system-out/>
  <testcase classname="TestNgTestCases.testNGThree$testNg" name="AUMcrMFUniverseTabTest" time="7.659"/>
  <system-out/>
  <testcase classname="TestNgTestCases.testNGThree$testNg" name="CAGR3yMFUniverseTabTest" time="7.944"/>
  <system-out/>
  <testcase classname="TestNgTestCases.testNGThree$testNg" name="ExpenseRatioMFUniverseTabTest" time="5.015"/>
  <system-out/>
  <testcase classname="TestNgTestCases.testNGThree$testNg" name="AddFillterFUniverseTabTest" time="7.556"/>
  <system-out/>
  <testcase classname="TestNgTestCases.testNGThree$testNg" name="CustomMFUniverseTabTest" time="10.359"/>
  <system-out/>
</testsuite> <!-- TestNgTestCases.testNGThree$testNg -->
