<?xml version="1.0" encoding="UTF-8"?>
<!-- Generated by org.testng.reporters.JUnitReportReporter -->
<testsuite hostname="Yeteendra" failures="0" tests="10" name="TestNgTestCases.testNGThree$testNg" time="56.078" errors="0" timestamp="2023-01-18T16:57:23 IST" skipped="0">
  <testcase classname="TestNgTestCases.testNGThree$testNg" name="MFUniverseTabTest" time="4.084"/>
  <system-out/>
  <testcase classname="TestNgTestCases.testNGThree$testNg" name="LiquidfundCheckBoxUnderMFUniverseTabTest" time="7.265"/>
  <system-out/>
  <testcase classname="TestNgTestCases.testNGThree$testNg" name="FundTrackingNiftyCheckBoxUnderMFUniverseTabTest" time="4.930"/>
  <system-out/>
  <testcase classname="TestNgTestCases.testNGThree$testNg" name="categoryMFUniverseTabTest" time="5.619"/>
  <system-out/>
  <testcase classname="TestNgTestCases.testNGThree$testNg" name="planMFUniverseTabTest" time="4.589"/>
  <system-out/>
  <testcase classname="TestNgTestCases.testNGThree$testNg" name="AUMcrMFUniverseTabTest" time="5.282"/>
  <system-out/>
  <testcase classname="TestNgTestCases.testNGThree$testNg" name="CAGR3yMFUniverseTabTest" time="7.011"/>
  <system-out/>
  <testcase classname="TestNgTestCases.testNGThree$testNg" name="ExpenseRatioMFUniverseTabTest" time="6.576"/>
  <system-out/>
  <testcase classname="TestNgTestCases.testNGThree$testNg" name="AddFillterFUniverseTabTest" time="5.647"/>
  <system-out/>
  <testcase classname="TestNgTestCases.testNGThree$testNg" name="CustomMFUniverseTabTest" time="5.075"/>
  <system-out/>
</testsuite> <!-- TestNgTestCases.testNGThree$testNg -->
